<?xml version="1.0" encoding="UTF-8" ?>
<testsuite failures="0" time="1.252" errors="0" skipped="0" tests="8" name="LdapTest">
  <properties>
[...]
</properties>
  <testcase time="0.654" classname="LdapTest" name="testeAuthSucc1"/>
  <testcase time="0.027" classname="LdapTest" name="testeAuthSucc2"/>
  <testcase time="0.069" classname="LdapTest" name="testeAuthFail1"/>
  <testcase time="0.034" classname="LdapTest" name="testeAdAuth"/>
  <testcase time="0.062" classname="LdapTest" name="testeMockMvc"/>
  <testcase time="0.093" classname="LdapTest" name="testeFail2"/>
  <testcase time="0.052" classname="LdapTest" name="javaPuroAcc"/>
  <testcase time="0.08" classname="LdapTest" name="javaPuroFail"/>
</testsuite>